# JRE version: OpenJDK Runtime Environment (8.0_152-b01) (build 1.8.0_152-release-915-b01)
# Java VM: OpenJDK 64-Bit Server VM (25.152-b01 mixed mode windows-amd64 compressed oops)
Heap:
 PSYoungGen      total 493056K, used 221715K [0x00000000e0000000, 0x00000000ffe80000, 0x0000000100000000)
  eden space 465408K, 44% used [0x00000000e0000000,0x00000000ec8f1c00,0x00000000fc680000)
  from space 27648K, 57% used [0x00000000fc680000,0x00000000fd6130c8,0x00000000fe180000)
  to   space 26624K, 0% used [0x00000000fe480000,0x00000000fe480000,0x00000000ffe80000)
 ParOldGen       total 212480K, used 76796K [0x00000000a0000000, 0x00000000acf80000, 0x00000000e0000000)
  object space 212480K, 36% used [0x00000000a0000000,0x00000000a4aff120,0x00000000acf80000)
 Metaspace       used 89419K, capacity 100940K, committed 102988K, reserved 1136640K
  class space    used 11329K, capacity 14490K, committed 14976K, reserved 1048576K
GC Heap History (10 events):
Event: 29272.973 GC heap before
{Heap before GC invocations=129 (full 4):
 PSYoungGen      total 486912K, used 473104K [0x00000000e0000000, 0x00000000ffc80000, 0x0000000100000000)
  eden space 457216K, 100% used [0x00000000e0000000,0x00000000fbe80000,0x00000000fbe80000)
  from space 29696K, 53% used [0x00000000fdf80000,0x00000000fef04010,0x00000000ffc80000)
  to   space 31744K, 0% used [0x00000000fbe80000,0x00000000fbe80000,0x00000000fdd80000)
 ParOldGen       total 212480K, used 76075K [0x00000000a0000000, 0x00000000acf80000, 0x00000000e0000000)
  object space 212480K, 35% used [0x00000000a0000000,0x00000000a4a4aec0,0x00000000acf80000)
 Metaspace       used 89209K, capacity 100396K, committed 102220K, reserved 1136640K
  class space    used 11283K, capacity 14330K, committed 14720K, reserved 1048576K
Event: 29272.990 GC heap after
Heap after GC invocations=129 (full 4):
 PSYoungGen      total 488960K, used 13468K [0x00000000e0000000, 0x00000000fff80000, 0x0000000100000000)
  eden space 457216K, 0% used [0x00000000e0000000,0x00000000e0000000,0x00000000fbe80000)
  from space 31744K, 42% used [0x00000000fbe80000,0x00000000fcba70d8,0x00000000fdd80000)
  to   space 30720K, 0% used [0x00000000fe180000,0x00000000fe180000,0x00000000fff80000)
 ParOldGen       total 212480K, used 76091K [0x00000000a0000000, 0x00000000acf80000, 0x00000000e0000000)
  object space 212480K, 35% used [0x00000000a0000000,0x00000000a4a4eec0,0x00000000acf80000)
 Metaspace       used 89209K, capacity 100396K, committed 102220K, reserved 1136640K
  class space    used 11283K, capacity 14330K, committed 14720K, reserved 1048576K
}
Event: 29543.414 GC heap before
{Heap before GC invocations=130 (full 4):
 PSYoungGen      total 488960K, used 470684K [0x00000000e0000000, 0x00000000fff80000, 0x0000000100000000)
  eden space 457216K, 100% used [0x00000000e0000000,0x00000000fbe80000,0x00000000fbe80000)
  from space 31744K, 42% used [0x00000000fbe80000,0x00000000fcba70d8,0x00000000fdd80000)
  to   space 30720K, 0% used [0x00000000fe180000,0x00000000fe180000,0x00000000fff80000)
 ParOldGen       total 212480K, used 76091K [0x00000000a0000000, 0x00000000acf80000, 0x00000000e0000000)
  object space 212480K, 35% used [0x00000000a0000000,0x00000000a4a4eec0,0x00000000acf80000)
 Metaspace       used 89256K, capacity 100580K, committed 102604K, reserved 1136640K
  class space    used 11294K, capacity 14370K, committed 14848K, reserved 1048576K
Event: 29543.466 GC heap after
Heap after GC invocations=130 (full 4):
 PSYoungGen      total 488960K, used 14652K [0x00000000e0000000, 0x00000000ffc80000, 0x0000000100000000)
  eden space 461312K, 0% used [0x00000000e0000000,0x00000000e0000000,0x00000000fc280000)
  from space 27648K, 52% used [0x00000000fe180000,0x00000000fefcf130,0x00000000ffc80000)
  to   space 29696K, 0% used [0x00000000fc280000,0x00000000fc280000,0x00000000fdf80000)
 ParOldGen       total 212480K, used 76411K [0x00000000a0000000, 0x00000000acf80000, 0x00000000e0000000)
  object space 212480K, 35% used [0x00000000a0000000,0x00000000a4a9eff0,0x00000000acf80000)
 Metaspace       used 89256K, capacity 100580K, committed 102604K, reserved 1136640K
  class space    used 11294K, capacity 14370K, committed 14848K, reserved 1048576K
}
Event: 29579.652 GC heap before
{Heap before GC invocations=131 (full 4):
 PSYoungGen      total 488960K, used 475964K [0x00000000e0000000, 0x00000000ffc80000, 0x0000000100000000)
  eden space 461312K, 100% used [0x00000000e0000000,0x00000000fc280000,0x00000000fc280000)
  from space 27648K, 52% used [0x00000000fe180000,0x00000000fefcf130,0x00000000ffc80000)
  to   space 29696K, 0% used [0x00000000fc280000,0x00000000fc280000,0x00000000fdf80000)
 ParOldGen       total 212480K, used 76411K [0x00000000a0000000, 0x00000000acf80000, 0x00000000e0000000)
  object space 212480K, 35% used [0x00000000a0000000,0x00000000a4a9eff0,0x00000000acf80000)
 Metaspace       used 89311K, capacity 100700K, committed 102604K, reserved 1136640K
  class space    used 11305K, capacity 14410K, committed 14848K, reserved 1048576K
Event: 29579.677 GC heap after
Heap after GC invocations=131 (full 4):
 PSYoungGen      total 491008K, used 14635K [0x00000000e0000000, 0x00000000ffe00000, 0x0000000100000000)
  eden space 461312K, 0% used [0x00000000e0000000,0x00000000e0000000,0x00000000fc280000)
  from space 29696K, 49% used [0x00000000fc280000,0x00000000fd0caf50,0x00000000fdf80000)
  to   space 28672K, 0% used [0x00000000fe200000,0x00000000fe200000,0x00000000ffe00000)
 ParOldGen       total 212480K, used 76546K [0x00000000a0000000, 0x00000000acf80000, 0x00000000e0000000)
  object space 212480K, 36% used [0x00000000a0000000,0x00000000a4ac0880,0x00000000acf80000)
 Metaspace       used 89311K, capacity 100700K, committed 102604K, reserved 1136640K
  class space    used 11305K, capacity 14410K, committed 14848K, reserved 1048576K
}
Event: 29646.053 GC heap before
{Heap before GC invocations=132 (full 4):
 PSYoungGen      total 491008K, used 475947K [0x00000000e0000000, 0x00000000ffe00000, 0x0000000100000000)
  eden space 461312K, 100% used [0x00000000e0000000,0x00000000fc280000,0x00000000fc280000)
  from space 29696K, 49% used [0x00000000fc280000,0x00000000fd0caf50,0x00000000fdf80000)
  to   space 28672K, 0% used [0x00000000fe200000,0x00000000fe200000,0x00000000ffe00000)
 ParOldGen       total 212480K, used 76546K [0x00000000a0000000, 0x00000000acf80000, 0x00000000e0000000)
  object space 212480K, 36% used [0x00000000a0000000,0x00000000a4ac0880,0x00000000acf80000)
 Metaspace       used 89359K, capacity 100820K, committed 102604K, reserved 1136640K
  class space    used 11316K, capacity 14450K, committed 14848K, reserved 1048576K
Event: 29646.151 GC heap after
Heap after GC invocations=132 (full 4):
 PSYoungGen      total 492544K, used 15131K [0x00000000e0000000, 0x00000000ffc80000, 0x0000000100000000)
  eden space 465408K, 0% used [0x00000000e0000000,0x00000000e0000000,0x00000000fc680000)
  from space 27136K, 55% used [0x00000000fe200000,0x00000000ff0c6f98,0x00000000ffc80000)
  to   space 27648K, 0% used [0x00000000fc680000,0x00000000fc680000,0x00000000fe180000)
 ParOldGen       total 212480K, used 76756K [0x00000000a0000000, 0x00000000acf80000, 0x00000000e0000000)
  object space 212480K, 36% used [0x00000000a0000000,0x00000000a4af5120,0x00000000acf80000)
 Metaspace       used 89359K, capacity 100820K, committed 102604K, reserved 1136640K
  class space    used 11316K, capacity 14450K, committed 14848K, reserved 1048576K
}
Event: 29667.383 GC heap before
{Heap before GC invocations=133 (full 4):
 PSYoungGen      total 492544K, used 480539K [0x00000000e0000000, 0x00000000ffc80000, 0x0000000100000000)
  eden space 465408K, 100% used [0x00000000e0000000,0x00000000fc680000,0x00000000fc680000)
  from space 27136K, 55% used [0x00000000fe200000,0x00000000ff0c6f98,0x00000000ffc80000)
  to   space 27648K, 0% used [0x00000000fc680000,0x00000000fc680000,0x00000000fe180000)
 ParOldGen       total 212480K, used 76756K [0x00000000a0000000, 0x00000000acf80000, 0x00000000e0000000)
  object space 212480K, 36% used [0x00000000a0000000,0x00000000a4af5120,0x00000000acf80000)
 Metaspace       used 89413K, capacity 100940K, committed 102988K, reserved 1136640K
  class space    used 11329K, capacity 14490K, committed 14976K, reserved 1048576K
Event: 29667.413 GC heap after
Heap after GC invocations=133 (full 4):
 PSYoungGen      total 493056K, used 15948K [0x00000000e0000000, 0x00000000ffe80000, 0x0000000100000000)
  eden space 465408K, 0% used [0x00000000e0000000,0x00000000e0000000,0x00000000fc680000)
  from space 27648K, 57% used [0x00000000fc680000,0x00000000fd6130c8,0x00000000fe180000)
  to   space 26624K, 0% used [0x00000000fe480000,0x00000000fe480000,0x00000000ffe80000)
 ParOldGen       total 212480K, used 76796K [0x00000000a0000000, 0x00000000acf80000, 0x00000000e0000000)
  object space 212480K, 36% used [0x00000000a0000000,0x00000000a4aff120,0x00000000acf80000)
 Metaspace       used 89413K, capacity 100940K, committed 102988K, reserved 1136640K
  class space    used 11329K, capacity 14490K, committed 14976K, reserved 1048576K
}

